<?xml version="1.0" encoding="UTF-8"?>
<robot generator="Robot 3.2.2 (Python 3.8.5 on darwin)" generated="20201005 01:57:30.906" rpa="false">
<suite id="s1" name="Myproject1" source="/Users/avinashkumar/PycharmProjects/RobotFramework/pythonProject/pythonProject/MyProject1/tests/myproject1.robot">
<test id="s1-t1" name="Tast Case 1">
<kw name="Begin Web Browser" library="CommonWeb" type="setup">
<kw name="Open Browser" library="SeleniumLibrary">
<doc>Opens a new browser instance to the optional ``url``.</doc>
<arguments>
<arg>about:blank</arg>
<arg>${BROWSER}</arg>
</arguments>
<msg timestamp="20201005 01:57:31.435" level="INFO">Opening browser 'safari' to base url 'about:blank'.</msg>
<status status="PASS" starttime="20201005 01:57:31.435" endtime="20201005 01:57:33.153"></status>
</kw>
<status status="PASS" starttime="20201005 01:57:31.434" endtime="20201005 01:57:33.154"></status>
</kw>
<kw name="Start New Page" library="MyProject1App">
<kw name="Load Page" library="Landing">
<kw name="Go To" library="SeleniumLibrary">
<doc>Navigates the current browser window to the provided ``url``.</doc>
<arguments>
<arg>${START_URL}</arg>
</arguments>
<msg timestamp="20201005 01:57:33.161" level="INFO">Opening url 'http://www.google.com'</msg>
<status status="PASS" starttime="20201005 01:57:33.160" endtime="20201005 01:57:33.939"></status>
</kw>
<kw name="Sleep" library="BuiltIn">
<doc>Pauses the test executed for the given time.</doc>
<arguments>
<arg>2s</arg>
</arguments>
<msg timestamp="20201005 01:57:35.941" level="INFO">Slept 2 seconds</msg>
<status status="PASS" starttime="20201005 01:57:33.939" endtime="20201005 01:57:35.941"></status>
</kw>
<status status="PASS" starttime="20201005 01:57:33.159" endtime="20201005 01:57:35.942"></status>
</kw>
<status status="PASS" starttime="20201005 01:57:33.158" endtime="20201005 01:57:35.942"></status>
</kw>
<kw name="End Web Browser" library="CommonWeb" type="teardown">
<kw name="Close Browser" library="SeleniumLibrary">
<doc>Closes the current browser.</doc>
<status status="PASS" starttime="20201005 01:57:35.944" endtime="20201005 01:57:35.995"></status>
</kw>
<status status="PASS" starttime="20201005 01:57:35.943" endtime="20201005 01:57:35.996"></status>
</kw>
<status status="PASS" starttime="20201005 01:57:31.433" endtime="20201005 01:57:35.996" critical="yes"></status>
</test>
<test id="s1-t2" name="Test Case 2">
<kw name="Begin Web Browser" library="CommonWeb" type="setup">
<kw name="Open Browser" library="SeleniumLibrary">
<doc>Opens a new browser instance to the optional ``url``.</doc>
<arguments>
<arg>about:blank</arg>
<arg>${BROWSER}</arg>
</arguments>
<msg timestamp="20201005 01:57:36.000" level="INFO">Opening browser 'safari' to base url 'about:blank'.</msg>
<status status="PASS" starttime="20201005 01:57:35.999" endtime="20201005 01:57:37.592"></status>
</kw>
<status status="PASS" starttime="20201005 01:57:35.998" endtime="20201005 01:57:37.592"></status>
</kw>
<kw name="Start New Page" library="MyProject1App">
<kw name="Load Page" library="Landing">
<kw name="Go To" library="SeleniumLibrary">
<doc>Navigates the current browser window to the provided ``url``.</doc>
<arguments>
<arg>${START_URL}</arg>
</arguments>
<msg timestamp="20201005 01:57:37.600" level="INFO">Opening url 'http://www.google.com'</msg>
<status status="PASS" starttime="20201005 01:57:37.599" endtime="20201005 01:57:38.247"></status>
</kw>
<kw name="Sleep" library="BuiltIn">
<doc>Pauses the test executed for the given time.</doc>
<arguments>
<arg>2s</arg>
</arguments>
<msg timestamp="20201005 01:57:40.250" level="INFO">Slept 2 seconds</msg>
<status status="PASS" starttime="20201005 01:57:38.248" endtime="20201005 01:57:40.250"></status>
</kw>
<status status="PASS" starttime="20201005 01:57:37.598" endtime="20201005 01:57:40.251"></status>
</kw>
<status status="PASS" starttime="20201005 01:57:37.595" endtime="20201005 01:57:40.251"></status>
</kw>
<kw name="Start New Seach" library="MyProject1App">
<arguments>
<arg>${FIRST_SEARCH}</arg>
</arguments>
<kw name="First Search" library="Landing">
<arguments>
<arg>${SEARCH}</arg>
</arguments>
<kw name="Input Text" library="SeleniumLibrary">
<doc>Types the given ``text`` into the text field identified by ``locator``.</doc>
<arguments>
<arg>css:#tsf &gt; div:nth-child(2) &gt; div.A8SBwf &gt; div.RNNXgb &gt; div &gt; div.a4bIc &gt; input</arg>
<arg>${search}</arg>
</arguments>
<msg timestamp="20201005 01:57:40.256" level="INFO">Typing text 'hello world' into text field 'css:#tsf &gt; div:nth-child(2) &gt; div.A8SBwf &gt; div.RNNXgb &gt; div &gt; div.a4bIc &gt; input'.</msg>
<status status="PASS" starttime="20201005 01:57:40.255" endtime="20201005 01:57:40.414"></status>
</kw>
<kw name="Sleep" library="BuiltIn">
<doc>Pauses the test executed for the given time.</doc>
<arguments>
<arg>1s</arg>
</arguments>
<msg timestamp="20201005 01:57:41.416" level="INFO">Slept 1 second</msg>
<status status="PASS" starttime="20201005 01:57:40.414" endtime="20201005 01:57:41.416"></status>
</kw>
<status status="PASS" starttime="20201005 01:57:40.254" endtime="20201005 01:57:41.417"></status>
</kw>
<status status="PASS" starttime="20201005 01:57:40.252" endtime="20201005 01:57:41.417"></status>
</kw>
<kw name="End Web Browser" library="CommonWeb" type="teardown">
<kw name="Close Browser" library="SeleniumLibrary">
<doc>Closes the current browser.</doc>
<status status="PASS" starttime="20201005 01:57:41.419" endtime="20201005 01:57:41.444"></status>
</kw>
<status status="PASS" starttime="20201005 01:57:41.418" endtime="20201005 01:57:41.445"></status>
</kw>
<status status="PASS" starttime="20201005 01:57:35.997" endtime="20201005 01:57:41.446" critical="yes"></status>
</test>
<test id="s1-t3" name="Test Case 3">
<kw name="Begin Web Browser" library="CommonWeb" type="setup">
<kw name="Open Browser" library="SeleniumLibrary">
<doc>Opens a new browser instance to the optional ``url``.</doc>
<arguments>
<arg>about:blank</arg>
<arg>${BROWSER}</arg>
</arguments>
<msg timestamp="20201005 01:57:41.454" level="INFO">Opening browser 'safari' to base url 'about:blank'.</msg>
<status status="PASS" starttime="20201005 01:57:41.452" endtime="20201005 01:57:43.074"></status>
</kw>
<status status="PASS" starttime="20201005 01:57:41.449" endtime="20201005 01:57:43.075"></status>
</kw>
<kw name="Start New Page" library="MyProject1App">
<kw name="Load Page" library="Landing">
<kw name="Go To" library="SeleniumLibrary">
<doc>Navigates the current browser window to the provided ``url``.</doc>
<arguments>
<arg>${START_URL}</arg>
</arguments>
<msg timestamp="20201005 01:57:43.084" level="INFO">Opening url 'http://www.google.com'</msg>
<status status="PASS" starttime="20201005 01:57:43.081" endtime="20201005 01:57:43.830"></status>
</kw>
<kw name="Sleep" library="BuiltIn">
<doc>Pauses the test executed for the given time.</doc>
<arguments>
<arg>2s</arg>
</arguments>
<msg timestamp="20201005 01:57:45.831" level="INFO">Slept 2 seconds</msg>
<status status="PASS" starttime="20201005 01:57:43.830" endtime="20201005 01:57:45.832"></status>
</kw>
<status status="PASS" starttime="20201005 01:57:43.079" endtime="20201005 01:57:45.832"></status>
</kw>
<status status="PASS" starttime="20201005 01:57:43.076" endtime="20201005 01:57:45.832"></status>
</kw>
<kw name="Start New Seach" library="MyProject1App">
<arguments>
<arg>${FIRST_SEARCH}</arg>
</arguments>
<kw name="First Search" library="Landing">
<arguments>
<arg>${SEARCH}</arg>
</arguments>
<kw name="Input Text" library="SeleniumLibrary">
<doc>Types the given ``text`` into the text field identified by ``locator``.</doc>
<arguments>
<arg>css:#tsf &gt; div:nth-child(2) &gt; div.A8SBwf &gt; div.RNNXgb &gt; div &gt; div.a4bIc &gt; input</arg>
<arg>${search}</arg>
</arguments>
<msg timestamp="20201005 01:57:45.835" level="INFO">Typing text 'hello world' into text field 'css:#tsf &gt; div:nth-child(2) &gt; div.A8SBwf &gt; div.RNNXgb &gt; div &gt; div.a4bIc &gt; input'.</msg>
<status status="PASS" starttime="20201005 01:57:45.835" endtime="20201005 01:57:45.981"></status>
</kw>
<kw name="Sleep" library="BuiltIn">
<doc>Pauses the test executed for the given time.</doc>
<arguments>
<arg>1s</arg>
</arguments>
<msg timestamp="20201005 01:57:46.983" level="INFO">Slept 1 second</msg>
<status status="PASS" starttime="20201005 01:57:45.982" endtime="20201005 01:57:46.984"></status>
</kw>
<status status="PASS" starttime="20201005 01:57:45.834" endtime="20201005 01:57:46.984"></status>
</kw>
<status status="PASS" starttime="20201005 01:57:45.833" endtime="20201005 01:57:46.984"></status>
</kw>
<kw name="Start New Navigate" library="MyProject1App">
<kw name="ClickSearch" library="Landing">
<kw name="Click Button" library="SeleniumLibrary">
<doc>Clicks the button identified by ``locator``.</doc>
<arguments>
<arg>xpath://*[@id="tsf"]/div[2]/div[1]/div[2]/div[2]/div[2]/center/input[1]</arg>
</arguments>
<msg timestamp="20201005 01:57:46.987" level="INFO">Clicking button 'xpath://*[@id="tsf"]/div[2]/div[1]/div[2]/div[2]/div[2]/center/input[1]'.</msg>
<status status="PASS" starttime="20201005 01:57:46.986" endtime="20201005 01:57:47.040"></status>
</kw>
<kw name="Wait Until Page Contains" library="SeleniumLibrary">
<doc>Waits until ``text`` appears on the current page.</doc>
<arguments>
<arg>About</arg>
</arguments>
<status status="PASS" starttime="20201005 01:57:47.041" endtime="20201005 01:57:47.054"></status>
</kw>
<kw name="Sleep" library="BuiltIn">
<doc>Pauses the test executed for the given time.</doc>
<arguments>
<arg>3s</arg>
</arguments>
<msg timestamp="20201005 01:57:50.055" level="INFO">Slept 3 seconds</msg>
<status status="PASS" starttime="20201005 01:57:47.054" endtime="20201005 01:57:50.056"></status>
</kw>
<status status="PASS" starttime="20201005 01:57:46.986" endtime="20201005 01:57:50.056"></status>
</kw>
<status status="PASS" starttime="20201005 01:57:46.985" endtime="20201005 01:57:50.056"></status>
</kw>
<kw name="Home" library="MyProject1App">
<kw name="BackToHome" library="Landing">
<kw name="Click Link" library="SeleniumLibrary">
<doc>Clicks a link identified by ``locator``.</doc>
<arguments>
<arg>css:#logo</arg>
</arguments>
<msg timestamp="20201005 01:57:50.059" level="INFO">Clicking link 'css:#logo'.</msg>
<status status="PASS" starttime="20201005 01:57:50.058" endtime="20201005 01:57:50.108"></status>
</kw>
<kw name="Sleep" library="BuiltIn">
<doc>Pauses the test executed for the given time.</doc>
<arguments>
<arg>3s</arg>
</arguments>
<msg timestamp="20201005 01:57:53.111" level="INFO">Slept 3 seconds</msg>
<status status="PASS" starttime="20201005 01:57:50.108" endtime="20201005 01:57:53.111"></status>
</kw>
<status status="PASS" starttime="20201005 01:57:50.058" endtime="20201005 01:57:53.112"></status>
</kw>
<status status="PASS" starttime="20201005 01:57:50.057" endtime="20201005 01:57:53.112"></status>
</kw>
<kw name="End Web Browser" library="CommonWeb" type="teardown">
<kw name="Close Browser" library="SeleniumLibrary">
<doc>Closes the current browser.</doc>
<status status="PASS" starttime="20201005 01:57:53.113" endtime="20201005 01:57:53.132"></status>
</kw>
<status status="PASS" starttime="20201005 01:57:53.113" endtime="20201005 01:57:53.132"></status>
</kw>
<status status="PASS" starttime="20201005 01:57:41.447" endtime="20201005 01:57:53.133" critical="yes"></status>
</test>
<test id="s1-t4" name="Test Case 4">
<kw name="Begin Web Browser" library="CommonWeb" type="setup">
<kw name="Open Browser" library="SeleniumLibrary">
<doc>Opens a new browser instance to the optional ``url``.</doc>
<arguments>
<arg>about:blank</arg>
<arg>${BROWSER}</arg>
</arguments>
<msg timestamp="20201005 01:57:53.140" level="INFO">Opening browser 'safari' to base url 'about:blank'.</msg>
<status status="PASS" starttime="20201005 01:57:53.140" endtime="20201005 01:57:54.739"></status>
</kw>
<status status="PASS" starttime="20201005 01:57:53.139" endtime="20201005 01:57:54.742"></status>
</kw>
<kw name="Start New Page" library="MyProject1App">
<kw name="Load Page" library="Landing">
<kw name="Go To" library="SeleniumLibrary">
<doc>Navigates the current browser window to the provided ``url``.</doc>
<arguments>
<arg>${START_URL}</arg>
</arguments>
<msg timestamp="20201005 01:57:54.747" level="INFO">Opening url 'http://www.google.com'</msg>
<status status="PASS" starttime="20201005 01:57:54.745" endtime="20201005 01:57:55.394"></status>
</kw>
<kw name="Sleep" library="BuiltIn">
<doc>Pauses the test executed for the given time.</doc>
<arguments>
<arg>2s</arg>
</arguments>
<msg timestamp="20201005 01:57:57.394" level="INFO">Slept 2 seconds</msg>
<status status="PASS" starttime="20201005 01:57:55.394" endtime="20201005 01:57:57.395"></status>
</kw>
<status status="PASS" starttime="20201005 01:57:54.744" endtime="20201005 01:57:57.395"></status>
</kw>
<status status="PASS" starttime="20201005 01:57:54.743" endtime="20201005 01:57:57.395"></status>
</kw>
<kw name="Start New Seach" library="MyProject1App">
<arguments>
<arg>${SECOND_SEARCH}</arg>
</arguments>
<kw name="First Search" library="Landing">
<arguments>
<arg>${SEARCH}</arg>
</arguments>
<kw name="Input Text" library="SeleniumLibrary">
<doc>Types the given ``text`` into the text field identified by ``locator``.</doc>
<arguments>
<arg>css:#tsf &gt; div:nth-child(2) &gt; div.A8SBwf &gt; div.RNNXgb &gt; div &gt; div.a4bIc &gt; input</arg>
<arg>${search}</arg>
</arguments>
<msg timestamp="20201005 01:57:57.398" level="INFO">Typing text 'amazon.com' into text field 'css:#tsf &gt; div:nth-child(2) &gt; div.A8SBwf &gt; div.RNNXgb &gt; div &gt; div.a4bIc &gt; input'.</msg>
<status status="PASS" starttime="20201005 01:57:57.398" endtime="20201005 01:57:57.541"></status>
</kw>
<kw name="Sleep" library="BuiltIn">
<doc>Pauses the test executed for the given time.</doc>
<arguments>
<arg>1s</arg>
</arguments>
<msg timestamp="20201005 01:57:58.544" level="INFO">Slept 1 second</msg>
<status status="PASS" starttime="20201005 01:57:57.541" endtime="20201005 01:57:58.544"></status>
</kw>
<status status="PASS" starttime="20201005 01:57:57.397" endtime="20201005 01:57:58.544"></status>
</kw>
<status status="PASS" starttime="20201005 01:57:57.396" endtime="20201005 01:57:58.545"></status>
</kw>
<kw name="Start New Navigate" library="MyProject1App">
<kw name="ClickSearch" library="Landing">
<kw name="Click Button" library="SeleniumLibrary">
<doc>Clicks the button identified by ``locator``.</doc>
<arguments>
<arg>xpath://*[@id="tsf"]/div[2]/div[1]/div[2]/div[2]/div[2]/center/input[1]</arg>
</arguments>
<msg timestamp="20201005 01:57:58.547" level="INFO">Clicking button 'xpath://*[@id="tsf"]/div[2]/div[1]/div[2]/div[2]/div[2]/center/input[1]'.</msg>
<status status="PASS" starttime="20201005 01:57:58.546" endtime="20201005 01:57:58.598"></status>
</kw>
<kw name="Wait Until Page Contains" library="SeleniumLibrary">
<doc>Waits until ``text`` appears on the current page.</doc>
<arguments>
<arg>About</arg>
</arguments>
<status status="PASS" starttime="20201005 01:57:58.599" endtime="20201005 01:57:58.611"></status>
</kw>
<kw name="Sleep" library="BuiltIn">
<doc>Pauses the test executed for the given time.</doc>
<arguments>
<arg>3s</arg>
</arguments>
<msg timestamp="20201005 01:58:01.613" level="INFO">Slept 3 seconds</msg>
<status status="PASS" starttime="20201005 01:57:58.611" endtime="20201005 01:58:01.613"></status>
</kw>
<status status="PASS" starttime="20201005 01:57:58.546" endtime="20201005 01:58:01.614"></status>
</kw>
<status status="PASS" starttime="20201005 01:57:58.545" endtime="20201005 01:58:01.614"></status>
</kw>
<kw name="End Web Browser" library="CommonWeb" type="teardown">
<kw name="Close Browser" library="SeleniumLibrary">
<doc>Closes the current browser.</doc>
<status status="PASS" starttime="20201005 01:58:01.616" endtime="20201005 01:58:01.635"></status>
</kw>
<status status="PASS" starttime="20201005 01:58:01.615" endtime="20201005 01:58:01.635"></status>
</kw>
<status status="PASS" starttime="20201005 01:57:53.137" endtime="20201005 01:58:01.636" critical="yes"></status>
</test>
<test id="s1-t5" name="Test Case 5">
<kw name="Begin Web Browser" library="CommonWeb" type="setup">
<kw name="Open Browser" library="SeleniumLibrary">
<doc>Opens a new browser instance to the optional ``url``.</doc>
<arguments>
<arg>about:blank</arg>
<arg>${BROWSER}</arg>
</arguments>
<msg timestamp="20201005 01:58:01.643" level="INFO">Opening browser 'safari' to base url 'about:blank'.</msg>
<status status="PASS" starttime="20201005 01:58:01.642" endtime="20201005 01:58:03.262"></status>
</kw>
<status status="PASS" starttime="20201005 01:58:01.641" endtime="20201005 01:58:03.263"></status>
</kw>
<kw name="Start New Page" library="MyProject1App">
<kw name="Load Page" library="Landing">
<kw name="Go To" library="SeleniumLibrary">
<doc>Navigates the current browser window to the provided ``url``.</doc>
<arguments>
<arg>${START_URL}</arg>
</arguments>
<msg timestamp="20201005 01:58:03.270" level="INFO">Opening url 'http://www.google.com'</msg>
<status status="PASS" starttime="20201005 01:58:03.269" endtime="20201005 01:58:03.891"></status>
</kw>
<kw name="Sleep" library="BuiltIn">
<doc>Pauses the test executed for the given time.</doc>
<arguments>
<arg>2s</arg>
</arguments>
<msg timestamp="20201005 01:58:05.893" level="INFO">Slept 2 seconds</msg>
<status status="PASS" starttime="20201005 01:58:03.892" endtime="20201005 01:58:05.893"></status>
</kw>
<status status="PASS" starttime="20201005 01:58:03.268" endtime="20201005 01:58:05.894"></status>
</kw>
<status status="PASS" starttime="20201005 01:58:03.265" endtime="20201005 01:58:05.894"></status>
</kw>
<kw name="Start New Seach" library="MyProject1App">
<arguments>
<arg>${THIRD_SEARCH}</arg>
</arguments>
<kw name="First Search" library="Landing">
<arguments>
<arg>${SEARCH}</arg>
</arguments>
<kw name="Input Text" library="SeleniumLibrary">
<doc>Types the given ``text`` into the text field identified by ``locator``.</doc>
<arguments>
<arg>css:#tsf &gt; div:nth-child(2) &gt; div.A8SBwf &gt; div.RNNXgb &gt; div &gt; div.a4bIc &gt; input</arg>
<arg>${search}</arg>
</arguments>
<msg timestamp="20201005 01:58:05.897" level="INFO">Typing text 'youtube.com' into text field 'css:#tsf &gt; div:nth-child(2) &gt; div.A8SBwf &gt; div.RNNXgb &gt; div &gt; div.a4bIc &gt; input'.</msg>
<status status="PASS" starttime="20201005 01:58:05.897" endtime="20201005 01:58:06.050"></status>
</kw>
<kw name="Sleep" library="BuiltIn">
<doc>Pauses the test executed for the given time.</doc>
<arguments>
<arg>1s</arg>
</arguments>
<msg timestamp="20201005 01:58:07.052" level="INFO">Slept 1 second</msg>
<status status="PASS" starttime="20201005 01:58:06.050" endtime="20201005 01:58:07.053"></status>
</kw>
<status status="PASS" starttime="20201005 01:58:05.896" endtime="20201005 01:58:07.053"></status>
</kw>
<status status="PASS" starttime="20201005 01:58:05.895" endtime="20201005 01:58:07.053"></status>
</kw>
<kw name="Start New Navigate" library="MyProject1App">
<kw name="ClickSearch" library="Landing">
<kw name="Click Button" library="SeleniumLibrary">
<doc>Clicks the button identified by ``locator``.</doc>
<arguments>
<arg>xpath://*[@id="tsf"]/div[2]/div[1]/div[2]/div[2]/div[2]/center/input[1]</arg>
</arguments>
<msg timestamp="20201005 01:58:07.056" level="INFO">Clicking button 'xpath://*[@id="tsf"]/div[2]/div[1]/div[2]/div[2]/div[2]/center/input[1]'.</msg>
<status status="PASS" starttime="20201005 01:58:07.055" endtime="20201005 01:58:07.104"></status>
</kw>
<kw name="Wait Until Page Contains" library="SeleniumLibrary">
<doc>Waits until ``text`` appears on the current page.</doc>
<arguments>
<arg>About</arg>
</arguments>
<status status="PASS" starttime="20201005 01:58:07.105" endtime="20201005 01:58:07.122"></status>
</kw>
<kw name="Sleep" library="BuiltIn">
<doc>Pauses the test executed for the given time.</doc>
<arguments>
<arg>3s</arg>
</arguments>
<msg timestamp="20201005 01:58:10.124" level="INFO">Slept 3 seconds</msg>
<status status="PASS" starttime="20201005 01:58:07.122" endtime="20201005 01:58:10.124"></status>
</kw>
<status status="PASS" starttime="20201005 01:58:07.054" endtime="20201005 01:58:10.124"></status>
</kw>
<status status="PASS" starttime="20201005 01:58:07.054" endtime="20201005 01:58:10.125"></status>
</kw>
<kw name="Home" library="MyProject1App">
<kw name="BackToHome" library="Landing">
<kw name="Click Link" library="SeleniumLibrary">
<doc>Clicks a link identified by ``locator``.</doc>
<arguments>
<arg>css:#logo</arg>
</arguments>
<msg timestamp="20201005 01:58:10.127" level="INFO">Clicking link 'css:#logo'.</msg>
<status status="PASS" starttime="20201005 01:58:10.126" endtime="20201005 01:58:10.183"></status>
</kw>
<kw name="Sleep" library="BuiltIn">
<doc>Pauses the test executed for the given time.</doc>
<arguments>
<arg>3s</arg>
</arguments>
<msg timestamp="20201005 01:58:13.185" level="INFO">Slept 3 seconds</msg>
<status status="PASS" starttime="20201005 01:58:10.183" endtime="20201005 01:58:13.185"></status>
</kw>
<status status="PASS" starttime="20201005 01:58:10.126" endtime="20201005 01:58:13.186"></status>
</kw>
<status status="PASS" starttime="20201005 01:58:10.125" endtime="20201005 01:58:13.186"></status>
</kw>
<kw name="End Web Browser" library="CommonWeb" type="teardown">
<kw name="Close Browser" library="SeleniumLibrary">
<doc>Closes the current browser.</doc>
<status status="PASS" starttime="20201005 01:58:13.188" endtime="20201005 01:58:13.212"></status>
</kw>
<status status="PASS" starttime="20201005 01:58:13.187" endtime="20201005 01:58:13.213"></status>
</kw>
<status status="PASS" starttime="20201005 01:58:01.638" endtime="20201005 01:58:13.214" critical="yes"></status>
</test>
<doc>My First Independent Robot Framework Project</doc>
<status status="PASS" starttime="20201005 01:57:30.910" endtime="20201005 01:58:13.221"></status>
</suite>
<statistics>
<total>
<stat pass="5" fail="0">Critical Tests</stat>
<stat pass="5" fail="0">All Tests</stat>
</total>
<tag>
</tag>
<suite>
<stat pass="5" fail="0" id="s1" name="Myproject1">Myproject1</stat>
</suite>
</statistics>
<errors>
</errors>
</robot>
